2015-10-11 18:23:48,496 [ModalContext] INFO  o.e.m.c.i.e.AbstractTransferListenerAdapter - Downloading https://repo.maven.apache.org/maven2/org/apache/maven/archetypes/maven-archetype-quickstart/1.1/maven-archetype-quickstart-1.1.jar
2015-10-11 18:23:48,709 [ModalContext] INFO  o.e.m.c.i.e.AbstractTransferListenerAdapter - Downloaded https://repo.maven.apache.org/maven2/org/apache/maven/archetypes/maven-archetype-quickstart/1.1/maven-archetype-quickstart-1.1.jar
2015-10-11 18:23:48,918 [ModalContext] INFO  o.e.m.c.i.e.AbstractTransferListenerAdapter - Downloading https://repo.maven.apache.org/maven2/org/apache/maven/archetypes/maven-archetype-quickstart/1.1/maven-archetype-quickstart-1.1.pom
2015-10-11 18:23:49,126 [ModalContext] INFO  o.e.m.c.i.e.AbstractTransferListenerAdapter - Downloaded https://repo.maven.apache.org/maven2/org/apache/maven/archetypes/maven-archetype-quickstart/1.1/maven-archetype-quickstart-1.1.pom
2015-10-11 18:24:15,698 [Worker-4] INFO  o.e.m.c.i.l.LifecycleMappingFactory - Using org.eclipse.m2e.jdt.JarLifecycleMapping lifecycle mapping for MavenProject: com.zgsoft.tutorials:zgsoft-tutorials-domain:0.0.1-SNAPSHOT @ /home/zsp/myspace/java/zgsoft-tutorials/zgsoft-tutorials-domain/pom.xml.
2015-10-11 18:24:16,162 [Worker-4] WARN  o.e.m.c.i.embedder.EclipseLogger - Using platform encoding (UTF-8 actually) to copy filtered resources, i.e. build is platform dependent!
2015-10-11 18:24:16,167 [Worker-4] INFO  o.e.m.c.i.embedder.EclipseLogger - Copying 0 resource
2015-10-11 18:24:16,170 [Worker-4] WARN  o.e.m.c.i.embedder.EclipseLogger - Using platform encoding (UTF-8 actually) to copy filtered resources, i.e. build is platform dependent!
2015-10-11 18:24:16,171 [Worker-4] INFO  o.e.m.c.i.embedder.EclipseLogger - Copying 0 resource
2015-10-11 18:24:34,084 [Worker-8] INFO  o.e.m.c.i.l.LifecycleMappingFactory - Using org.eclipse.m2e.jdt.JarLifecycleMapping lifecycle mapping for MavenProject: com.zgsoft.tutorials:zgsoft-tutorials-service:0.0.1-SNAPSHOT @ /home/zsp/myspace/java/zgsoft-tutorials/zgsoft-tutorials-service/pom.xml.
2015-10-11 18:24:34,212 [Worker-8] WARN  o.e.m.c.i.embedder.EclipseLogger - Using platform encoding (UTF-8 actually) to copy filtered resources, i.e. build is platform dependent!
2015-10-11 18:24:34,213 [Worker-8] INFO  o.e.m.c.i.embedder.EclipseLogger - Copying 0 resource
2015-10-11 18:24:34,214 [Worker-8] WARN  o.e.m.c.i.embedder.EclipseLogger - Using platform encoding (UTF-8 actually) to copy filtered resources, i.e. build is platform dependent!
2015-10-11 18:24:34,215 [Worker-8] INFO  o.e.m.c.i.embedder.EclipseLogger - Copying 0 resource
2015-10-11 18:24:35,396 [Worker-7] WARN  o.e.m.c.i.embedder.EclipseLogger - Using platform encoding (UTF-8 actually) to copy filtered resources, i.e. build is platform dependent!
2015-10-11 18:24:35,399 [Worker-7] INFO  o.e.m.c.i.embedder.EclipseLogger - Copying 0 resource
2015-10-11 18:24:35,399 [Worker-7] WARN  o.e.m.c.i.embedder.EclipseLogger - Using platform encoding (UTF-8 actually) to copy filtered resources, i.e. build is platform dependent!
2015-10-11 18:24:35,400 [Worker-7] INFO  o.e.m.c.i.embedder.EclipseLogger - Copying 0 resource
2015-10-11 18:24:49,164 [Worker-7] INFO  o.e.m.c.i.l.LifecycleMappingFactory - Using org.eclipse.m2e.jdt.JarLifecycleMapping lifecycle mapping for MavenProject: com.zgsoft.tutorials:zgsoft-tutorials-rpc-api:0.0.1-SNAPSHOT @ /home/zsp/myspace/java/zgsoft-tutorials/zgsoft-tutorials-rpc-api/pom.xml.
2015-10-11 18:24:49,295 [Worker-7] WARN  o.e.m.c.i.embedder.EclipseLogger - Using platform encoding (UTF-8 actually) to copy filtered resources, i.e. build is platform dependent!
2015-10-11 18:24:49,296 [Worker-7] INFO  o.e.m.c.i.embedder.EclipseLogger - Copying 0 resource
2015-10-11 18:24:49,297 [Worker-7] WARN  o.e.m.c.i.embedder.EclipseLogger - Using platform encoding (UTF-8 actually) to copy filtered resources, i.e. build is platform dependent!
2015-10-11 18:24:49,297 [Worker-7] INFO  o.e.m.c.i.embedder.EclipseLogger - Copying 0 resource
2015-10-11 18:25:03,846 [Worker-13] INFO  o.e.m.c.i.l.LifecycleMappingFactory - Using org.eclipse.m2e.jdt.JarLifecycleMapping lifecycle mapping for MavenProject: com.zgsoft.tutorials:zgsoft-tutorials-rpc-dubbo:0.0.1-SNAPSHOT @ /home/zsp/myspace/java/zgsoft-tutorials/zgsoft-tutorials-rpc-dubbo/pom.xml.
2015-10-11 18:25:03,952 [Worker-13] WARN  o.e.m.c.i.embedder.EclipseLogger - Using platform encoding (UTF-8 actually) to copy filtered resources, i.e. build is platform dependent!
2015-10-11 18:25:03,953 [Worker-13] INFO  o.e.m.c.i.embedder.EclipseLogger - Copying 0 resource
2015-10-11 18:25:03,954 [Worker-13] WARN  o.e.m.c.i.embedder.EclipseLogger - Using platform encoding (UTF-8 actually) to copy filtered resources, i.e. build is platform dependent!
2015-10-11 18:25:03,954 [Worker-13] INFO  o.e.m.c.i.embedder.EclipseLogger - Copying 0 resource
2015-10-11 18:25:28,659 [Worker-2] INFO  o.e.m.c.i.l.LifecycleMappingFactory - Using org.eclipse.m2e.jdt.JarLifecycleMapping lifecycle mapping for MavenProject: com.zgsoft.tutorials:zgsoft-tutorials-rpc-provider:0.0.1-SNAPSHOT @ /home/zsp/myspace/java/zgsoft-tutorials/zgsoft-tutorials-rpc-provider/pom.xml.
2015-10-11 18:25:28,772 [Worker-2] WARN  o.e.m.c.i.embedder.EclipseLogger - Using platform encoding (UTF-8 actually) to copy filtered resources, i.e. build is platform dependent!
2015-10-11 18:25:28,772 [Worker-2] INFO  o.e.m.c.i.embedder.EclipseLogger - Copying 1 resource
2015-10-11 18:25:28,777 [Worker-2] WARN  o.e.m.c.i.embedder.EclipseLogger - Using platform encoding (UTF-8 actually) to copy filtered resources, i.e. build is platform dependent!
2015-10-11 18:25:28,777 [Worker-2] INFO  o.e.m.c.i.embedder.EclipseLogger - Copying 0 resource
2015-10-11 18:25:40,463 [Worker-20] INFO  o.e.m.c.i.l.LifecycleMappingFactory - Using org.eclipse.m2e.jdt.JarLifecycleMapping lifecycle mapping for MavenProject: com.zgsoft.tutorials:zgsoft-tutorials-rpc-consumer:0.0.1-SNAPSHOT @ /home/zsp/myspace/java/zgsoft-tutorials/zgsoft-tutorials-rpc-consumer/pom.xml.
2015-10-11 18:25:40,568 [Worker-20] WARN  o.e.m.c.i.embedder.EclipseLogger - Using platform encoding (UTF-8 actually) to copy filtered resources, i.e. build is platform dependent!
2015-10-11 18:25:40,569 [Worker-20] INFO  o.e.m.c.i.embedder.EclipseLogger - Copying 1 resource
2015-10-11 18:25:40,570 [Worker-20] WARN  o.e.m.c.i.embedder.EclipseLogger - Using platform encoding (UTF-8 actually) to copy filtered resources, i.e. build is platform dependent!
2015-10-11 18:25:40,570 [Worker-20] INFO  o.e.m.c.i.embedder.EclipseLogger - Copying 0 resource
2015-10-11 18:25:55,340 [Worker-7] INFO  o.e.m.i.launch.MavenLaunchDelegate - /home/zsp/myspace/java/zgsoft-tutorials/zgsoft-tutorials-rpc-dubbo
2015-10-11 18:25:55,340 [Worker-7] INFO  o.e.m.i.launch.MavenLaunchDelegate -  mvn  -B install
2015-10-11 18:25:57,365 [Worker-14] WARN  o.e.m.c.i.embedder.EclipseLogger - Using platform encoding (UTF-8 actually) to copy filtered resources, i.e. build is platform dependent!
2015-10-11 18:25:57,365 [Worker-14] INFO  o.e.m.c.i.embedder.EclipseLogger - Copying 0 resource
2015-10-11 18:25:57,367 [Worker-14] WARN  o.e.m.c.i.embedder.EclipseLogger - Using platform encoding (UTF-8 actually) to copy filtered resources, i.e. build is platform dependent!
2015-10-11 18:25:57,367 [Worker-14] INFO  o.e.m.c.i.embedder.EclipseLogger - Copying 0 resource
2015-10-11 18:26:15,328 [Worker-20] INFO  o.e.m.i.launch.MavenLaunchDelegate - /home/zsp/myspace/java/zgsoft-tutorials/zgsoft-tutorials-domain
2015-10-11 18:26:15,329 [Worker-20] INFO  o.e.m.i.launch.MavenLaunchDelegate -  mvn  -B install
2015-10-11 18:26:17,158 [Worker-20] WARN  o.e.m.c.i.embedder.EclipseLogger - Using platform encoding (UTF-8 actually) to copy filtered resources, i.e. build is platform dependent!
2015-10-11 18:26:17,158 [Worker-20] INFO  o.e.m.c.i.embedder.EclipseLogger - Copying 0 resource
2015-10-11 18:26:17,159 [Worker-20] WARN  o.e.m.c.i.embedder.EclipseLogger - Using platform encoding (UTF-8 actually) to copy filtered resources, i.e. build is platform dependent!
2015-10-11 18:26:17,160 [Worker-20] INFO  o.e.m.c.i.embedder.EclipseLogger - Copying 0 resource
2015-10-11 18:26:40,109 [Worker-0] WARN  o.e.m.c.i.embedder.EclipseLogger - Using platform encoding (UTF-8 actually) to copy filtered resources, i.e. build is platform dependent!
2015-10-11 18:26:40,110 [Worker-0] INFO  o.e.m.c.i.embedder.EclipseLogger - Copying 0 resource
2015-10-11 18:26:40,110 [Worker-0] WARN  o.e.m.c.i.embedder.EclipseLogger - Using platform encoding (UTF-8 actually) to copy filtered resources, i.e. build is platform dependent!
2015-10-11 18:26:40,110 [Worker-0] INFO  o.e.m.c.i.embedder.EclipseLogger - Copying 0 resource
2015-10-11 18:26:49,176 [Worker-14] INFO  o.e.m.i.launch.MavenLaunchDelegate - /home/zsp/myspace/java/zgsoft-tutorials/zgsoft-tutorials-service
2015-10-11 18:26:49,177 [Worker-14] INFO  o.e.m.i.launch.MavenLaunchDelegate -  mvn  -B install
2015-10-11 18:26:51,449 [Worker-11] WARN  o.e.m.c.i.embedder.EclipseLogger - Using platform encoding (UTF-8 actually) to copy filtered resources, i.e. build is platform dependent!
2015-10-11 18:26:51,450 [Worker-11] INFO  o.e.m.c.i.embedder.EclipseLogger - Copying 0 resource
2015-10-11 18:26:51,450 [Worker-11] WARN  o.e.m.c.i.embedder.EclipseLogger - Using platform encoding (UTF-8 actually) to copy filtered resources, i.e. build is platform dependent!
2015-10-11 18:26:51,450 [Worker-11] INFO  o.e.m.c.i.embedder.EclipseLogger - Copying 0 resource
2015-10-11 18:27:00,576 [Worker-11] INFO  o.e.m.i.launch.MavenLaunchDelegate - /home/zsp/myspace/java/zgsoft-tutorials/zgsoft-tutorials-rpc-api
2015-10-11 18:27:00,576 [Worker-11] INFO  o.e.m.i.launch.MavenLaunchDelegate -  mvn  -B install
2015-10-11 18:27:02,255 [Worker-20] WARN  o.e.m.c.i.embedder.EclipseLogger - Using platform encoding (UTF-8 actually) to copy filtered resources, i.e. build is platform dependent!
2015-10-11 18:27:02,255 [Worker-20] INFO  o.e.m.c.i.embedder.EclipseLogger - Copying 0 resource
2015-10-11 18:27:02,256 [Worker-20] WARN  o.e.m.c.i.embedder.EclipseLogger - Using platform encoding (UTF-8 actually) to copy filtered resources, i.e. build is platform dependent!
2015-10-11 18:27:02,256 [Worker-20] INFO  o.e.m.c.i.embedder.EclipseLogger - Copying 0 resource
2015-10-11 18:27:02,276 [Worker-20] WARN  o.e.m.c.i.embedder.EclipseLogger - Using platform encoding (UTF-8 actually) to copy filtered resources, i.e. build is platform dependent!
2015-10-11 18:27:02,277 [Worker-20] INFO  o.e.m.c.i.embedder.EclipseLogger - Copying 0 resource
2015-10-11 18:27:02,278 [Worker-20] WARN  o.e.m.c.i.embedder.EclipseLogger - Using platform encoding (UTF-8 actually) to copy filtered resources, i.e. build is platform dependent!
2015-10-11 18:27:02,278 [Worker-20] INFO  o.e.m.c.i.embedder.EclipseLogger - Copying 0 resource
2015-10-11 18:27:02,345 [Worker-20] WARN  o.e.m.c.i.embedder.EclipseLogger - Using platform encoding (UTF-8 actually) to copy filtered resources, i.e. build is platform dependent!
2015-10-11 18:27:02,346 [Worker-20] INFO  o.e.m.c.i.embedder.EclipseLogger - Copying 1 resource
2015-10-11 18:27:02,347 [Worker-20] WARN  o.e.m.c.i.embedder.EclipseLogger - Using platform encoding (UTF-8 actually) to copy filtered resources, i.e. build is platform dependent!
2015-10-11 18:27:02,348 [Worker-20] INFO  o.e.m.c.i.embedder.EclipseLogger - Copying 0 resource
2015-10-11 18:27:11,805 [Worker-2] INFO  o.e.m.i.launch.MavenLaunchDelegate - /home/zsp/myspace/java/zgsoft-tutorials/zgsoft-tutorials-rpc-dubbo
2015-10-11 18:27:11,805 [Worker-2] INFO  o.e.m.i.launch.MavenLaunchDelegate -  mvn  -B install
2015-10-11 18:27:13,732 [Worker-4] WARN  o.e.m.c.i.embedder.EclipseLogger - Using platform encoding (UTF-8 actually) to copy filtered resources, i.e. build is platform dependent!
2015-10-11 18:27:13,732 [Worker-4] INFO  o.e.m.c.i.embedder.EclipseLogger - Copying 0 resource
2015-10-11 18:27:13,732 [Worker-4] WARN  o.e.m.c.i.embedder.EclipseLogger - Using platform encoding (UTF-8 actually) to copy filtered resources, i.e. build is platform dependent!
2015-10-11 18:27:13,733 [Worker-4] INFO  o.e.m.c.i.embedder.EclipseLogger - Copying 0 resource
2015-10-11 18:27:13,737 [Worker-4] WARN  o.e.m.c.i.embedder.EclipseLogger - Using platform encoding (UTF-8 actually) to copy filtered resources, i.e. build is platform dependent!
2015-10-11 18:27:13,738 [Worker-4] INFO  o.e.m.c.i.embedder.EclipseLogger - Copying 0 resource
2015-10-11 18:27:13,740 [Worker-4] WARN  o.e.m.c.i.embedder.EclipseLogger - Using platform encoding (UTF-8 actually) to copy filtered resources, i.e. build is platform dependent!
2015-10-11 18:27:13,740 [Worker-4] INFO  o.e.m.c.i.embedder.EclipseLogger - Copying 0 resource
2015-10-11 18:27:22,620 [Worker-8] INFO  o.e.m.i.launch.MavenLaunchDelegate - /home/zsp/myspace/java/zgsoft-tutorials/zgsoft-tutorials-rpc-provider
2015-10-11 18:27:22,620 [Worker-8] INFO  o.e.m.i.launch.MavenLaunchDelegate -  mvn  -B install
2015-10-11 18:27:24,472 [Worker-11] WARN  o.e.m.c.i.embedder.EclipseLogger - Using platform encoding (UTF-8 actually) to copy filtered resources, i.e. build is platform dependent!
2015-10-11 18:27:24,473 [Worker-11] INFO  o.e.m.c.i.embedder.EclipseLogger - Copying 0 resource
2015-10-11 18:27:24,473 [Worker-11] WARN  o.e.m.c.i.embedder.EclipseLogger - Using platform encoding (UTF-8 actually) to copy filtered resources, i.e. build is platform dependent!
2015-10-11 18:27:24,473 [Worker-11] INFO  o.e.m.c.i.embedder.EclipseLogger - Copying 0 resource
2015-10-11 18:27:32,613 [Worker-20] INFO  o.e.m.i.launch.MavenLaunchDelegate - /home/zsp/myspace/java/zgsoft-tutorials/zgsoft-tutorials-service
2015-10-11 18:27:32,613 [Worker-20] INFO  o.e.m.i.launch.MavenLaunchDelegate -  mvn  -B install
2015-10-11 18:27:34,408 [Worker-0] WARN  o.e.m.c.i.embedder.EclipseLogger - Using platform encoding (UTF-8 actually) to copy filtered resources, i.e. build is platform dependent!
2015-10-11 18:27:34,408 [Worker-0] INFO  o.e.m.c.i.embedder.EclipseLogger - Copying 0 resource
2015-10-11 18:27:34,409 [Worker-0] WARN  o.e.m.c.i.embedder.EclipseLogger - Using platform encoding (UTF-8 actually) to copy filtered resources, i.e. build is platform dependent!
2015-10-11 18:27:34,409 [Worker-0] INFO  o.e.m.c.i.embedder.EclipseLogger - Copying 0 resource
2015-10-11 18:27:42,663 [Worker-14] INFO  o.e.m.i.launch.MavenLaunchDelegate - /home/zsp/myspace/java/zgsoft-tutorials/zgsoft-tutorials-rpc-consumer
2015-10-11 18:27:42,663 [Worker-14] INFO  o.e.m.i.launch.MavenLaunchDelegate -  mvn  -B install
2015-10-11 18:27:44,407 [Worker-14] WARN  o.e.m.c.i.embedder.EclipseLogger - Using platform encoding (UTF-8 actually) to copy filtered resources, i.e. build is platform dependent!
2015-10-11 18:27:44,407 [Worker-14] INFO  o.e.m.c.i.embedder.EclipseLogger - Copying 0 resource
2015-10-11 18:27:44,408 [Worker-14] WARN  o.e.m.c.i.embedder.EclipseLogger - Using platform encoding (UTF-8 actually) to copy filtered resources, i.e. build is platform dependent!
2015-10-11 18:27:44,408 [Worker-14] INFO  o.e.m.c.i.embedder.EclipseLogger - Copying 0 resource
2015-10-11 18:31:30,134 [Worker-2] INFO  o.e.m.c.i.l.LifecycleMappingFactory - Using org.eclipse.m2e.jdt.JarLifecycleMapping lifecycle mapping for MavenProject: com.zgsoft.tutorials:zgsoft-tutorials-rest-api:0.0.1-SNAPSHOT @ /home/zsp/myspace/java/zgsoft-tutorials/zgsoft-tutorials-rest-api/pom.xml.
2015-10-11 18:31:30,235 [Worker-2] WARN  o.e.m.c.i.embedder.EclipseLogger - Using platform encoding (UTF-8 actually) to copy filtered resources, i.e. build is platform dependent!
2015-10-11 18:31:30,235 [Worker-2] INFO  o.e.m.c.i.embedder.EclipseLogger - Copying 0 resource
2015-10-11 18:31:30,236 [Worker-2] WARN  o.e.m.c.i.embedder.EclipseLogger - Using platform encoding (UTF-8 actually) to copy filtered resources, i.e. build is platform dependent!
2015-10-11 18:31:30,236 [Worker-2] INFO  o.e.m.c.i.embedder.EclipseLogger - Copying 0 resource
2015-10-11 18:33:47,317 [Worker-2] WARN  o.e.m.c.i.embedder.EclipseLogger - Using platform encoding (UTF-8 actually) to copy filtered resources, i.e. build is platform dependent!
2015-10-11 18:33:47,318 [Worker-2] INFO  o.e.m.c.i.embedder.EclipseLogger - Copying 0 resource
2015-10-11 18:33:47,319 [Worker-2] WARN  o.e.m.c.i.embedder.EclipseLogger - Using platform encoding (UTF-8 actually) to copy filtered resources, i.e. build is platform dependent!
2015-10-11 18:33:47,320 [Worker-2] INFO  o.e.m.c.i.embedder.EclipseLogger - Copying 0 resource
2015-10-11 18:36:07,199 [Worker-7] WARN  o.e.m.c.i.embedder.EclipseLogger - Using platform encoding (UTF-8 actually) to copy filtered resources, i.e. build is platform dependent!
2015-10-11 18:36:07,199 [Worker-7] INFO  o.e.m.c.i.embedder.EclipseLogger - Copying 0 resource
2015-10-11 18:36:07,200 [Worker-7] WARN  o.e.m.c.i.embedder.EclipseLogger - Using platform encoding (UTF-8 actually) to copy filtered resources, i.e. build is platform dependent!
2015-10-11 18:36:07,200 [Worker-7] INFO  o.e.m.c.i.embedder.EclipseLogger - Copying 0 resource
2015-10-11 18:36:21,735 [Worker-7] WARN  o.e.m.c.i.embedder.EclipseLogger - Using platform encoding (UTF-8 actually) to copy filtered resources, i.e. build is platform dependent!
2015-10-11 18:36:21,736 [Worker-7] INFO  o.e.m.c.i.embedder.EclipseLogger - Copying 0 resource
2015-10-11 18:36:21,736 [Worker-7] WARN  o.e.m.c.i.embedder.EclipseLogger - Using platform encoding (UTF-8 actually) to copy filtered resources, i.e. build is platform dependent!
2015-10-11 18:36:21,736 [Worker-7] INFO  o.e.m.c.i.embedder.EclipseLogger - Copying 0 resource
2015-10-11 18:47:58,325 [Worker-7] INFO  o.e.m.c.i.l.LifecycleMappingFactory - Using org.eclipse.m2e.jdt.JarLifecycleMapping lifecycle mapping for MavenProject: com.zgsoft.tutorials:zgsoft-tutorials-rest-dubbo:0.0.1-SNAPSHOT @ /home/zsp/myspace/java/zgsoft-tutorials/zgsoft-tutorials-rest-dubbo/pom.xml.
2015-10-11 18:47:58,413 [Worker-7] INFO  o.e.m.j.i.AbstractJavaProjectConfigurator - Adding source folder /zgsoft-tutorials-rest-dubbo/src/main/java
2015-10-11 18:47:58,414 [Worker-7] INFO  o.e.m.j.i.AbstractJavaProjectConfigurator - Adding resource folder /zgsoft-tutorials-rest-dubbo/src/main/resources
2015-10-11 18:47:58,414 [Worker-7] INFO  o.e.m.j.i.AbstractJavaProjectConfigurator - Adding source folder /zgsoft-tutorials-rest-dubbo/src/test/java
2015-10-11 18:47:58,414 [Worker-7] INFO  o.e.m.j.i.AbstractJavaProjectConfigurator - Adding resource folder /zgsoft-tutorials-rest-dubbo/src/test/resources
2015-10-11 18:47:58,623 [Worker-27] WARN  o.e.m.c.i.embedder.EclipseLogger - Using platform encoding (UTF-8 actually) to copy filtered resources, i.e. build is platform dependent!
2015-10-11 18:47:58,624 [Worker-27] INFO  o.e.m.c.i.embedder.EclipseLogger - Copying 0 resource
2015-10-11 18:47:58,624 [Worker-27] WARN  o.e.m.c.i.embedder.EclipseLogger - Using platform encoding (UTF-8 actually) to copy filtered resources, i.e. build is platform dependent!
2015-10-11 18:47:58,624 [Worker-27] INFO  o.e.m.c.i.embedder.EclipseLogger - Copying 0 resource
2015-10-11 18:48:44,984 [Worker-29] WARN  o.e.m.c.i.embedder.EclipseLogger - Using platform encoding (UTF-8 actually) to copy filtered resources, i.e. build is platform dependent!
2015-10-11 18:48:44,984 [Worker-29] INFO  o.e.m.c.i.embedder.EclipseLogger - Copying 0 resource
2015-10-11 18:48:44,984 [Worker-29] WARN  o.e.m.c.i.embedder.EclipseLogger - Using platform encoding (UTF-8 actually) to copy filtered resources, i.e. build is platform dependent!
2015-10-11 18:48:44,985 [Worker-29] INFO  o.e.m.c.i.embedder.EclipseLogger - Copying 0 resource
2015-10-11 18:49:12,959 [Worker-27] WARN  o.e.m.c.i.embedder.EclipseLogger - Using platform encoding (UTF-8 actually) to copy filtered resources, i.e. build is platform dependent!
2015-10-11 18:49:12,960 [Worker-27] INFO  o.e.m.c.i.embedder.EclipseLogger - Copying 0 resource
2015-10-11 18:49:12,960 [Worker-27] WARN  o.e.m.c.i.embedder.EclipseLogger - Using platform encoding (UTF-8 actually) to copy filtered resources, i.e. build is platform dependent!
2015-10-11 18:49:12,960 [Worker-27] INFO  o.e.m.c.i.embedder.EclipseLogger - Copying 0 resource
2015-10-11 18:49:46,153 [Worker-7] INFO  o.e.m.c.i.l.LifecycleMappingFactory - Using org.eclipse.m2e.jdt.JarLifecycleMapping lifecycle mapping for MavenProject: com.zgsoft.tutorials:zgsoft-tutorials-rest-dubbo:0.0.1-SNAPSHOT @ /home/zsp/myspace/java/zgsoft-tutorials/zgsoft-tutorials-rest-dubbo/pom.xml.
2015-10-11 18:49:46,188 [Worker-7] WARN  o.e.m.c.i.embedder.EclipseLogger - Using platform encoding (UTF-8 actually) to copy filtered resources, i.e. build is platform dependent!
2015-10-11 18:49:46,188 [Worker-7] INFO  o.e.m.c.i.embedder.EclipseLogger - Copying 0 resource
2015-10-11 18:49:46,189 [Worker-7] WARN  o.e.m.c.i.embedder.EclipseLogger - Using platform encoding (UTF-8 actually) to copy filtered resources, i.e. build is platform dependent!
2015-10-11 18:49:46,189 [Worker-7] INFO  o.e.m.c.i.embedder.EclipseLogger - Copying 0 resource
2015-10-11 18:49:47,400 [Worker-30] WARN  o.e.m.c.i.embedder.EclipseLogger - Using platform encoding (UTF-8 actually) to copy filtered resources, i.e. build is platform dependent!
2015-10-11 18:49:47,401 [Worker-30] INFO  o.e.m.c.i.embedder.EclipseLogger - Copying 0 resource
2015-10-11 18:49:47,401 [Worker-30] WARN  o.e.m.c.i.embedder.EclipseLogger - Using platform encoding (UTF-8 actually) to copy filtered resources, i.e. build is platform dependent!
2015-10-11 18:49:47,402 [Worker-30] INFO  o.e.m.c.i.embedder.EclipseLogger - Copying 0 resource
2015-10-11 18:50:06,488 [Worker-29] WARN  o.e.m.c.i.embedder.EclipseLogger - Using platform encoding (UTF-8 actually) to copy filtered resources, i.e. build is platform dependent!
2015-10-11 18:50:06,488 [Worker-29] INFO  o.e.m.c.i.embedder.EclipseLogger - Copying 0 resource
2015-10-11 18:50:06,489 [Worker-29] WARN  o.e.m.c.i.embedder.EclipseLogger - Using platform encoding (UTF-8 actually) to copy filtered resources, i.e. build is platform dependent!
2015-10-11 18:50:06,489 [Worker-29] INFO  o.e.m.c.i.embedder.EclipseLogger - Copying 0 resource
2015-10-11 18:50:26,692 [Worker-29] WARN  o.e.m.c.i.embedder.EclipseLogger - Using platform encoding (UTF-8 actually) to copy filtered resources, i.e. build is platform dependent!
2015-10-11 18:50:26,693 [Worker-29] INFO  o.e.m.c.i.embedder.EclipseLogger - Copying 0 resource
2015-10-11 18:50:26,693 [Worker-29] WARN  o.e.m.c.i.embedder.EclipseLogger - Using platform encoding (UTF-8 actually) to copy filtered resources, i.e. build is platform dependent!
2015-10-11 18:50:26,694 [Worker-29] INFO  o.e.m.c.i.embedder.EclipseLogger - Copying 0 resource
2015-10-11 18:55:23,845 [Worker-31] INFO  o.e.m.c.i.l.LifecycleMappingFactory - Using org.eclipse.m2e.jdt.JarLifecycleMapping lifecycle mapping for MavenProject: com.zgsoft.tutorials:zgsoft-tutorials-rest-dubbo:0.0.1-SNAPSHOT @ /home/zsp/myspace/java/zgsoft-tutorials/zgsoft-tutorials-rest-dubbo/pom.xml.
2015-10-11 18:55:35,646 [Worker-32] INFO  o.e.m.i.launch.MavenLaunchDelegate - /home/zsp/myspace/java/zgsoft-tutorials/zgsoft-tutorials-rest-dubbo
2015-10-11 18:55:35,646 [Worker-32] INFO  o.e.m.i.launch.MavenLaunchDelegate -  mvn  -B install
2015-10-11 18:58:15,737 [Worker-30] INFO  o.e.m.c.i.l.LifecycleMappingFactory - Using org.eclipse.m2e.jdt.JarLifecycleMapping lifecycle mapping for MavenProject: com.zgsoft.tutorials:zgsoft-tutorials-rest-dubbo:0.0.1-SNAPSHOT @ /home/zsp/myspace/java/zgsoft-tutorials/zgsoft-tutorials-rest-dubbo/pom.xml.
2015-10-11 19:01:10,768 [Worker-36] INFO  o.e.m.c.i.l.LifecycleMappingFactory - Using org.eclipse.m2e.jdt.JarLifecycleMapping lifecycle mapping for MavenProject: com.zgsoft.tutorials:zgsoft-tutorials-rest-dubbo:0.0.1-SNAPSHOT @ /home/zsp/myspace/java/zgsoft-tutorials/zgsoft-tutorials-rest-dubbo/pom.xml.
2015-10-11 19:01:31,102 [Worker-34] INFO  o.e.m.c.i.l.LifecycleMappingFactory - Using org.eclipse.m2e.jdt.JarLifecycleMapping lifecycle mapping for MavenProject: com.zgsoft.tutorials:zgsoft-tutorials-rest-dubbo:0.0.1-SNAPSHOT @ /home/zsp/myspace/java/zgsoft-tutorials/zgsoft-tutorials-rest-dubbo/pom.xml.
2015-10-11 19:01:31,235 [Worker-34] WARN  o.e.m.c.i.embedder.EclipseLogger - Using platform encoding (UTF-8 actually) to copy filtered resources, i.e. build is platform dependent!
2015-10-11 19:01:31,235 [Worker-34] INFO  o.e.m.c.i.embedder.EclipseLogger - Copying 0 resource
2015-10-11 19:01:31,236 [Worker-34] WARN  o.e.m.c.i.embedder.EclipseLogger - Using platform encoding (UTF-8 actually) to copy filtered resources, i.e. build is platform dependent!
2015-10-11 19:01:31,236 [Worker-34] INFO  o.e.m.c.i.embedder.EclipseLogger - Copying 0 resource
2015-10-11 19:01:32,426 [Worker-36] WARN  o.e.m.c.i.embedder.EclipseLogger - Using platform encoding (UTF-8 actually) to copy filtered resources, i.e. build is platform dependent!
2015-10-11 19:01:32,427 [Worker-36] INFO  o.e.m.c.i.embedder.EclipseLogger - Copying 0 resource
2015-10-11 19:01:32,427 [Worker-36] WARN  o.e.m.c.i.embedder.EclipseLogger - Using platform encoding (UTF-8 actually) to copy filtered resources, i.e. build is platform dependent!
2015-10-11 19:01:32,428 [Worker-36] INFO  o.e.m.c.i.embedder.EclipseLogger - Copying 0 resource
2015-10-11 19:01:36,125 [Worker-30] INFO  o.e.m.c.i.l.LifecycleMappingFactory - Using org.eclipse.m2e.jdt.JarLifecycleMapping lifecycle mapping for MavenProject: com.zgsoft.tutorials:zgsoft-tutorials-rest-dubbo:0.0.1-SNAPSHOT @ /home/zsp/myspace/java/zgsoft-tutorials/zgsoft-tutorials-rest-dubbo/pom.xml.
2015-10-11 19:01:36,156 [Worker-30] WARN  o.e.m.c.i.embedder.EclipseLogger - Using platform encoding (UTF-8 actually) to copy filtered resources, i.e. build is platform dependent!
2015-10-11 19:01:36,157 [Worker-30] INFO  o.e.m.c.i.embedder.EclipseLogger - Copying 0 resource
2015-10-11 19:01:36,157 [Worker-30] WARN  o.e.m.c.i.embedder.EclipseLogger - Using platform encoding (UTF-8 actually) to copy filtered resources, i.e. build is platform dependent!
2015-10-11 19:01:36,157 [Worker-30] INFO  o.e.m.c.i.embedder.EclipseLogger - Copying 0 resource
2015-10-11 19:01:43,264 [Worker-37] INFO  o.e.m.i.launch.MavenLaunchDelegate - /home/zsp/myspace/java/zgsoft-tutorials/zgsoft-tutorials-rpc-dubbo
2015-10-11 19:01:43,264 [Worker-37] INFO  o.e.m.i.launch.MavenLaunchDelegate -  mvn  -B install
2015-10-11 19:01:45,092 [Worker-36] WARN  o.e.m.c.i.embedder.EclipseLogger - Using platform encoding (UTF-8 actually) to copy filtered resources, i.e. build is platform dependent!
2015-10-11 19:01:45,092 [Worker-36] INFO  o.e.m.c.i.embedder.EclipseLogger - Copying 0 resource
2015-10-11 19:01:45,092 [Worker-36] WARN  o.e.m.c.i.embedder.EclipseLogger - Using platform encoding (UTF-8 actually) to copy filtered resources, i.e. build is platform dependent!
2015-10-11 19:01:45,093 [Worker-36] INFO  o.e.m.c.i.embedder.EclipseLogger - Copying 0 resource
2015-10-11 19:02:04,774 [Worker-36] WARN  o.e.m.c.i.embedder.EclipseLogger - Using platform encoding (UTF-8 actually) to copy filtered resources, i.e. build is platform dependent!
2015-10-11 19:02:04,774 [Worker-36] INFO  o.e.m.c.i.embedder.EclipseLogger - Copying 0 resource
2015-10-11 19:02:04,775 [Worker-36] WARN  o.e.m.c.i.embedder.EclipseLogger - Using platform encoding (UTF-8 actually) to copy filtered resources, i.e. build is platform dependent!
2015-10-11 19:02:04,775 [Worker-36] INFO  o.e.m.c.i.embedder.EclipseLogger - Copying 0 resource
2015-10-11 19:04:07,312 [Worker-34] WARN  o.e.m.c.i.embedder.EclipseLogger - Using platform encoding (UTF-8 actually) to copy filtered resources, i.e. build is platform dependent!
2015-10-11 19:04:07,313 [Worker-34] INFO  o.e.m.c.i.embedder.EclipseLogger - Copying 0 resource
2015-10-11 19:04:07,313 [Worker-34] WARN  o.e.m.c.i.embedder.EclipseLogger - Using platform encoding (UTF-8 actually) to copy filtered resources, i.e. build is platform dependent!
2015-10-11 19:04:07,313 [Worker-34] INFO  o.e.m.c.i.embedder.EclipseLogger - Copying 0 resource
2015-10-11 19:05:25,565 [Worker-34] INFO  o.e.m.c.i.l.LifecycleMappingFactory - Using org.eclipse.m2e.jdt.JarLifecycleMapping lifecycle mapping for MavenProject: com.zgsoft.tutorials:zgsoft-tutorials-rest-dubbo:0.0.1-SNAPSHOT @ /home/zsp/myspace/java/zgsoft-tutorials/zgsoft-tutorials-rest-dubbo/pom.xml.
2015-10-11 19:05:25,591 [Worker-34] WARN  o.e.m.c.i.embedder.EclipseLogger - Using platform encoding (UTF-8 actually) to copy filtered resources, i.e. build is platform dependent!
2015-10-11 19:05:25,591 [Worker-34] INFO  o.e.m.c.i.embedder.EclipseLogger - Copying 0 resource
2015-10-11 19:05:25,592 [Worker-34] WARN  o.e.m.c.i.embedder.EclipseLogger - Using platform encoding (UTF-8 actually) to copy filtered resources, i.e. build is platform dependent!
2015-10-11 19:05:25,592 [Worker-34] INFO  o.e.m.c.i.embedder.EclipseLogger - Copying 0 resource
2015-10-11 19:05:26,817 [Worker-30] WARN  o.e.m.c.i.embedder.EclipseLogger - Using platform encoding (UTF-8 actually) to copy filtered resources, i.e. build is platform dependent!
2015-10-11 19:05:26,818 [Worker-30] INFO  o.e.m.c.i.embedder.EclipseLogger - Copying 0 resource
2015-10-11 19:05:26,818 [Worker-30] WARN  o.e.m.c.i.embedder.EclipseLogger - Using platform encoding (UTF-8 actually) to copy filtered resources, i.e. build is platform dependent!
2015-10-11 19:05:26,818 [Worker-30] INFO  o.e.m.c.i.embedder.EclipseLogger - Copying 0 resource
2015-10-11 19:08:58,089 [Worker-34] WARN  o.e.m.c.i.embedder.EclipseLogger - Using platform encoding (UTF-8 actually) to copy filtered resources, i.e. build is platform dependent!
2015-10-11 19:08:58,090 [Worker-34] INFO  o.e.m.c.i.embedder.EclipseLogger - Copying 0 resource
2015-10-11 19:08:58,090 [Worker-34] WARN  o.e.m.c.i.embedder.EclipseLogger - Using platform encoding (UTF-8 actually) to copy filtered resources, i.e. build is platform dependent!
2015-10-11 19:08:58,090 [Worker-34] INFO  o.e.m.c.i.embedder.EclipseLogger - Copying 0 resource
2015-10-11 19:09:04,672 [Worker-41] WARN  o.e.m.c.i.embedder.EclipseLogger - Using platform encoding (UTF-8 actually) to copy filtered resources, i.e. build is platform dependent!
2015-10-11 19:09:04,672 [Worker-41] INFO  o.e.m.c.i.embedder.EclipseLogger - Copying 0 resource
2015-10-11 19:09:04,673 [Worker-41] WARN  o.e.m.c.i.embedder.EclipseLogger - Using platform encoding (UTF-8 actually) to copy filtered resources, i.e. build is platform dependent!
2015-10-11 19:09:04,673 [Worker-41] INFO  o.e.m.c.i.embedder.EclipseLogger - Copying 0 resource
2015-10-11 19:10:13,487 [Worker-39] WARN  o.e.m.c.i.embedder.EclipseLogger - Using platform encoding (UTF-8 actually) to copy filtered resources, i.e. build is platform dependent!
2015-10-11 19:10:13,487 [Worker-39] INFO  o.e.m.c.i.embedder.EclipseLogger - Copying 0 resource
2015-10-11 19:10:13,487 [Worker-39] WARN  o.e.m.c.i.embedder.EclipseLogger - Using platform encoding (UTF-8 actually) to copy filtered resources, i.e. build is platform dependent!
2015-10-11 19:10:13,487 [Worker-39] INFO  o.e.m.c.i.embedder.EclipseLogger - Copying 0 resource
2015-10-11 19:10:59,983 [Worker-42] WARN  o.e.m.c.i.embedder.EclipseLogger - Using platform encoding (UTF-8 actually) to copy filtered resources, i.e. build is platform dependent!
2015-10-11 19:10:59,984 [Worker-42] INFO  o.e.m.c.i.embedder.EclipseLogger - Copying 0 resource
2015-10-11 19:10:59,984 [Worker-42] WARN  o.e.m.c.i.embedder.EclipseLogger - Using platform encoding (UTF-8 actually) to copy filtered resources, i.e. build is platform dependent!
2015-10-11 19:10:59,985 [Worker-42] INFO  o.e.m.c.i.embedder.EclipseLogger - Copying 0 resource
2015-10-11 19:11:26,831 [Worker-42] INFO  o.e.m.i.launch.MavenLaunchDelegate - /home/zsp/myspace/java/zgsoft-tutorials/zgsoft-tutorials-rest-dubbo
2015-10-11 19:11:26,831 [Worker-42] INFO  o.e.m.i.launch.MavenLaunchDelegate -  mvn  -B install
2015-10-11 19:11:49,666 [Worker-41] INFO  o.e.m.i.launch.MavenLaunchDelegate - /home/zsp/myspace/java/zgsoft-tutorials/zgsoft-tutorials-rest-api
2015-10-11 19:11:49,666 [Worker-41] INFO  o.e.m.i.launch.MavenLaunchDelegate -  mvn  -B install
2015-10-11 19:11:51,800 [Worker-42] WARN  o.e.m.c.i.embedder.EclipseLogger - Using platform encoding (UTF-8 actually) to copy filtered resources, i.e. build is platform dependent!
2015-10-11 19:11:51,800 [Worker-42] INFO  o.e.m.c.i.embedder.EclipseLogger - Copying 0 resource
2015-10-11 19:11:51,801 [Worker-42] WARN  o.e.m.c.i.embedder.EclipseLogger - Using platform encoding (UTF-8 actually) to copy filtered resources, i.e. build is platform dependent!
2015-10-11 19:11:51,801 [Worker-42] INFO  o.e.m.c.i.embedder.EclipseLogger - Copying 0 resource
2015-10-11 19:11:58,413 [Worker-41] INFO  o.e.m.i.launch.MavenLaunchDelegate - /home/zsp/myspace/java/zgsoft-tutorials/zgsoft-tutorials-rest-dubbo
2015-10-11 19:11:58,413 [Worker-41] INFO  o.e.m.i.launch.MavenLaunchDelegate -  mvn  -B install
2015-10-11 19:12:00,562 [Worker-42] WARN  o.e.m.c.i.embedder.EclipseLogger - Using platform encoding (UTF-8 actually) to copy filtered resources, i.e. build is platform dependent!
2015-10-11 19:12:00,562 [Worker-42] INFO  o.e.m.c.i.embedder.EclipseLogger - Copying 0 resource
2015-10-11 19:12:00,563 [Worker-42] WARN  o.e.m.c.i.embedder.EclipseLogger - Using platform encoding (UTF-8 actually) to copy filtered resources, i.e. build is platform dependent!
2015-10-11 19:12:00,563 [Worker-42] INFO  o.e.m.c.i.embedder.EclipseLogger - Copying 0 resource
2015-10-11 19:13:10,800 [Worker-41] INFO  o.e.m.c.i.l.LifecycleMappingFactory - Using org.eclipse.m2e.jdt.JarLifecycleMapping lifecycle mapping for MavenProject: com.zgsoft.tutorials:zgsoft-tutorials-rest-provider:0.0.1-SNAPSHOT @ /home/zsp/myspace/java/zgsoft-tutorials/zgsoft-tutorials-rest-provider/pom.xml.
2015-10-11 19:13:10,873 [Worker-41] INFO  o.e.m.j.i.AbstractJavaProjectConfigurator - Adding source folder /zgsoft-tutorials-rest-provider/src/main/java
2015-10-11 19:13:10,873 [Worker-41] INFO  o.e.m.j.i.AbstractJavaProjectConfigurator - Adding resource folder /zgsoft-tutorials-rest-provider/src/main/resources
2015-10-11 19:13:10,874 [Worker-41] INFO  o.e.m.j.i.AbstractJavaProjectConfigurator - Adding source folder /zgsoft-tutorials-rest-provider/src/test/java
2015-10-11 19:13:10,874 [Worker-41] INFO  o.e.m.j.i.AbstractJavaProjectConfigurator - Adding resource folder /zgsoft-tutorials-rest-provider/src/test/resources
2015-10-11 19:13:11,051 [Worker-42] WARN  o.e.m.c.i.embedder.EclipseLogger - Using platform encoding (UTF-8 actually) to copy filtered resources, i.e. build is platform dependent!
2015-10-11 19:13:11,051 [Worker-42] INFO  o.e.m.c.i.embedder.EclipseLogger - Copying 0 resource
2015-10-11 19:13:11,052 [Worker-42] WARN  o.e.m.c.i.embedder.EclipseLogger - Using platform encoding (UTF-8 actually) to copy filtered resources, i.e. build is platform dependent!
2015-10-11 19:13:11,052 [Worker-42] INFO  o.e.m.c.i.embedder.EclipseLogger - Copying 0 resource
2015-10-11 19:13:37,058 [Worker-43] INFO  o.e.m.c.i.l.LifecycleMappingFactory - Using org.eclipse.m2e.jdt.JarLifecycleMapping lifecycle mapping for MavenProject: com.zgsoft.tutorials:zgsoft-tutorials-rest-provider:0.0.1-SNAPSHOT @ /home/zsp/myspace/java/zgsoft-tutorials/zgsoft-tutorials-rest-provider/pom.xml.
2015-10-11 19:13:37,092 [Worker-43] WARN  o.e.m.c.i.embedder.EclipseLogger - Using platform encoding (UTF-8 actually) to copy filtered resources, i.e. build is platform dependent!
2015-10-11 19:13:37,093 [Worker-43] INFO  o.e.m.c.i.embedder.EclipseLogger - Copying 0 resource
2015-10-11 19:13:37,093 [Worker-43] WARN  o.e.m.c.i.embedder.EclipseLogger - Using platform encoding (UTF-8 actually) to copy filtered resources, i.e. build is platform dependent!
2015-10-11 19:13:37,093 [Worker-43] INFO  o.e.m.c.i.embedder.EclipseLogger - Copying 0 resource
2015-10-11 19:13:38,268 [Worker-43] WARN  o.e.m.c.i.embedder.EclipseLogger - Using platform encoding (UTF-8 actually) to copy filtered resources, i.e. build is platform dependent!
2015-10-11 19:13:38,268 [Worker-43] INFO  o.e.m.c.i.embedder.EclipseLogger - Copying 0 resource
2015-10-11 19:13:38,269 [Worker-43] WARN  o.e.m.c.i.embedder.EclipseLogger - Using platform encoding (UTF-8 actually) to copy filtered resources, i.e. build is platform dependent!
2015-10-11 19:13:38,269 [Worker-43] INFO  o.e.m.c.i.embedder.EclipseLogger - Copying 0 resource
2015-10-11 19:13:41,348 [Worker-43] INFO  o.e.m.i.launch.MavenLaunchDelegate - /home/zsp/myspace/java/zgsoft-tutorials/zgsoft-tutorials-rest-provider
2015-10-11 19:13:41,348 [Worker-43] INFO  o.e.m.i.launch.MavenLaunchDelegate -  mvn  -B install
2015-10-11 19:13:43,043 [Worker-46] WARN  o.e.m.c.i.embedder.EclipseLogger - Using platform encoding (UTF-8 actually) to copy filtered resources, i.e. build is platform dependent!
2015-10-11 19:13:43,043 [Worker-46] INFO  o.e.m.c.i.embedder.EclipseLogger - Copying 0 resource
2015-10-11 19:13:43,044 [Worker-46] WARN  o.e.m.c.i.embedder.EclipseLogger - Using platform encoding (UTF-8 actually) to copy filtered resources, i.e. build is platform dependent!
2015-10-11 19:13:43,044 [Worker-46] INFO  o.e.m.c.i.embedder.EclipseLogger - Copying 0 resource
2015-10-11 19:14:11,350 [Worker-41] WARN  o.e.m.c.i.embedder.EclipseLogger - Using platform encoding (UTF-8 actually) to copy filtered resources, i.e. build is platform dependent!
2015-10-11 19:14:11,350 [Worker-41] INFO  o.e.m.c.i.embedder.EclipseLogger - Copying 0 resource
2015-10-11 19:14:11,351 [Worker-41] WARN  o.e.m.c.i.embedder.EclipseLogger - Using platform encoding (UTF-8 actually) to copy filtered resources, i.e. build is platform dependent!
2015-10-11 19:14:11,351 [Worker-41] INFO  o.e.m.c.i.embedder.EclipseLogger - Copying 0 resource
2015-10-11 19:14:23,159 [Worker-41] WARN  o.e.m.c.i.embedder.EclipseLogger - Using platform encoding (UTF-8 actually) to copy filtered resources, i.e. build is platform dependent!
2015-10-11 19:14:23,159 [Worker-41] INFO  o.e.m.c.i.embedder.EclipseLogger - Copying 0 resource
2015-10-11 19:14:23,160 [Worker-41] WARN  o.e.m.c.i.embedder.EclipseLogger - Using platform encoding (UTF-8 actually) to copy filtered resources, i.e. build is platform dependent!
2015-10-11 19:14:23,160 [Worker-41] INFO  o.e.m.c.i.embedder.EclipseLogger - Copying 0 resource
2015-10-11 19:14:39,144 [Worker-41] WARN  o.e.m.c.i.embedder.EclipseLogger - Using platform encoding (UTF-8 actually) to copy filtered resources, i.e. build is platform dependent!
2015-10-11 19:14:39,146 [Worker-41] INFO  o.e.m.c.i.embedder.EclipseLogger - Copying 1 resource
2015-10-11 19:14:39,148 [Worker-41] WARN  o.e.m.c.i.embedder.EclipseLogger - Using platform encoding (UTF-8 actually) to copy filtered resources, i.e. build is platform dependent!
2015-10-11 19:14:39,148 [Worker-41] INFO  o.e.m.c.i.embedder.EclipseLogger - Copying 0 resource
2015-10-11 19:15:54,697 [Worker-42] WARN  o.e.m.c.i.embedder.EclipseLogger - Using platform encoding (UTF-8 actually) to copy filtered resources, i.e. build is platform dependent!
2015-10-11 19:15:54,697 [Worker-42] INFO  o.e.m.c.i.embedder.EclipseLogger - Copying 0 resource
2015-10-11 19:15:54,698 [Worker-42] WARN  o.e.m.c.i.embedder.EclipseLogger - Using platform encoding (UTF-8 actually) to copy filtered resources, i.e. build is platform dependent!
2015-10-11 19:15:54,698 [Worker-42] INFO  o.e.m.c.i.embedder.EclipseLogger - Copying 0 resource
2015-10-11 19:16:31,826 [Worker-41] WARN  o.e.m.c.i.embedder.EclipseLogger - Using platform encoding (UTF-8 actually) to copy filtered resources, i.e. build is platform dependent!
2015-10-11 19:16:31,827 [Worker-41] INFO  o.e.m.c.i.embedder.EclipseLogger - Copying 0 resource
2015-10-11 19:16:31,827 [Worker-41] WARN  o.e.m.c.i.embedder.EclipseLogger - Using platform encoding (UTF-8 actually) to copy filtered resources, i.e. build is platform dependent!
2015-10-11 19:16:31,828 [Worker-41] INFO  o.e.m.c.i.embedder.EclipseLogger - Copying 0 resource
2015-10-11 19:17:11,966 [Worker-46] WARN  o.e.m.c.i.embedder.EclipseLogger - Using platform encoding (UTF-8 actually) to copy filtered resources, i.e. build is platform dependent!
2015-10-11 19:17:11,967 [Worker-46] INFO  o.e.m.c.i.embedder.EclipseLogger - Copying 1 resource
2015-10-11 19:17:11,967 [Worker-46] WARN  o.e.m.c.i.embedder.EclipseLogger - Using platform encoding (UTF-8 actually) to copy filtered resources, i.e. build is platform dependent!
2015-10-11 19:17:11,967 [Worker-46] INFO  o.e.m.c.i.embedder.EclipseLogger - Copying 0 resource
2015-10-11 19:17:36,347 [Worker-42] INFO  o.e.m.i.launch.MavenLaunchDelegate - /home/zsp/myspace/java/zgsoft-tutorials/zgsoft-tutorials-rest-provider
2015-10-11 19:17:36,347 [Worker-42] INFO  o.e.m.i.launch.MavenLaunchDelegate -  mvn  -B install
2015-10-11 19:17:38,531 [Worker-41] WARN  o.e.m.c.i.embedder.EclipseLogger - Using platform encoding (UTF-8 actually) to copy filtered resources, i.e. build is platform dependent!
2015-10-11 19:17:38,532 [Worker-41] INFO  o.e.m.c.i.embedder.EclipseLogger - Copying 1 resource
2015-10-11 19:17:38,532 [Worker-41] WARN  o.e.m.c.i.embedder.EclipseLogger - Using platform encoding (UTF-8 actually) to copy filtered resources, i.e. build is platform dependent!
2015-10-11 19:17:38,533 [Worker-41] INFO  o.e.m.c.i.embedder.EclipseLogger - Copying 0 resource
2015-10-11 19:18:56,558 [Worker-43] WARN  o.e.m.c.i.embedder.EclipseLogger - Using platform encoding (UTF-8 actually) to copy filtered resources, i.e. build is platform dependent!
2015-10-11 19:18:56,558 [Worker-43] INFO  o.e.m.c.i.embedder.EclipseLogger - Copying 1 resource
2015-10-11 19:18:56,559 [Worker-43] WARN  o.e.m.c.i.embedder.EclipseLogger - Using platform encoding (UTF-8 actually) to copy filtered resources, i.e. build is platform dependent!
2015-10-11 19:18:56,559 [Worker-43] INFO  o.e.m.c.i.embedder.EclipseLogger - Copying 0 resource
2015-10-11 19:19:03,301 [Worker-47] WARN  o.e.m.c.i.embedder.EclipseLogger - Using platform encoding (UTF-8 actually) to copy filtered resources, i.e. build is platform dependent!
2015-10-11 19:19:03,301 [Worker-47] INFO  o.e.m.c.i.embedder.EclipseLogger - Copying 1 resource
2015-10-11 19:19:03,302 [Worker-47] WARN  o.e.m.c.i.embedder.EclipseLogger - Using platform encoding (UTF-8 actually) to copy filtered resources, i.e. build is platform dependent!
2015-10-11 19:19:03,302 [Worker-47] INFO  o.e.m.c.i.embedder.EclipseLogger - Copying 0 resource
2015-10-11 19:19:09,987 [Worker-46] INFO  o.e.m.i.launch.MavenLaunchDelegate - /home/zsp/myspace/java/zgsoft-tutorials/zgsoft-tutorials-rest-provider
2015-10-11 19:19:09,987 [Worker-46] INFO  o.e.m.i.launch.MavenLaunchDelegate -  mvn  -B install
2015-10-11 19:19:11,862 [Worker-43] WARN  o.e.m.c.i.embedder.EclipseLogger - Using platform encoding (UTF-8 actually) to copy filtered resources, i.e. build is platform dependent!
2015-10-11 19:19:11,862 [Worker-43] INFO  o.e.m.c.i.embedder.EclipseLogger - Copying 0 resource
2015-10-11 19:19:11,863 [Worker-43] WARN  o.e.m.c.i.embedder.EclipseLogger - Using platform encoding (UTF-8 actually) to copy filtered resources, i.e. build is platform dependent!
2015-10-11 19:19:11,863 [Worker-43] INFO  o.e.m.c.i.embedder.EclipseLogger - Copying 0 resource
2015-10-11 19:20:44,261 [Worker-49] WARN  o.e.m.c.i.embedder.EclipseLogger - Using platform encoding (UTF-8 actually) to copy filtered resources, i.e. build is platform dependent!
2015-10-11 19:20:44,262 [Worker-49] INFO  o.e.m.c.i.embedder.EclipseLogger - Copying 1 resource
2015-10-11 19:20:44,262 [Worker-49] WARN  o.e.m.c.i.embedder.EclipseLogger - Using platform encoding (UTF-8 actually) to copy filtered resources, i.e. build is platform dependent!
2015-10-11 19:20:44,262 [Worker-49] INFO  o.e.m.c.i.embedder.EclipseLogger - Copying 0 resource
2015-10-11 19:24:34,521 [Worker-49] INFO  o.e.m.c.i.l.LifecycleMappingFactory - Using org.eclipse.m2e.jdt.JarLifecycleMapping lifecycle mapping for MavenProject: com.zgsoft.tutorials:zgsoft-tutorials-rest-dubbo:0.0.1-SNAPSHOT @ /home/zsp/myspace/java/zgsoft-tutorials/zgsoft-tutorials-rest-dubbo/pom.xml.
2015-10-11 19:24:34,539 [Worker-49] INFO  o.e.m.c.i.e.AbstractTransferListenerAdapter - Downloaded https://repo.maven.apache.org/maven2/org/javassist/javassist/${javassist_version}/javassist-${javassist_version}.pom
2015-10-11 19:24:34,542 [Worker-49] INFO  o.e.m.c.i.e.AbstractTransferListenerAdapter - Downloaded https://repo.maven.apache.org/maven2/io/netty/netty/${netty_version}/netty-${netty_version}.pom
2015-10-11 19:24:34,543 [Worker-49] INFO  o.e.m.c.i.e.AbstractTransferListenerAdapter - Downloaded https://repo.maven.apache.org/maven2/org/apache/mina/mina-core/${mina_version}/mina-core-${mina_version}.pom
2015-10-11 19:24:34,544 [Worker-49] INFO  o.e.m.c.i.e.AbstractTransferListenerAdapter - Downloaded https://repo.maven.apache.org/maven2/org/glassfish/grizzly/grizzly-core/${grizzly_version}/grizzly-core-${grizzly_version}.pom
2015-10-11 19:24:34,545 [Worker-49] INFO  o.e.m.c.i.e.AbstractTransferListenerAdapter - Downloaded https://repo.maven.apache.org/maven2/org/apache/httpcomponents/httpclient/${httpclient_version}/httpclient-${httpclient_version}.pom
2015-10-11 19:24:34,558 [Worker-49] INFO  o.e.m.c.i.l.LifecycleMappingFactory - Using org.eclipse.m2e.jdt.JarLifecycleMapping lifecycle mapping for MavenProject: com.zgsoft.tutorials:zgsoft-tutorials-rest-provider:0.0.1-SNAPSHOT @ /home/zsp/myspace/java/zgsoft-tutorials/zgsoft-tutorials-rest-provider/pom.xml.
2015-10-11 19:24:34,562 [Worker-49] INFO  o.e.m.c.i.e.AbstractTransferListenerAdapter - Downloaded https://repo.maven.apache.org/maven2/org/javassist/javassist/${javassist_version}/javassist-${javassist_version}.jar
2015-10-11 19:24:34,563 [Worker-49] INFO  o.e.m.c.i.e.AbstractTransferListenerAdapter - Downloaded https://repo.maven.apache.org/maven2/io/netty/netty/${netty_version}/netty-${netty_version}.jar
2015-10-11 19:24:34,563 [Worker-49] INFO  o.e.m.c.i.e.AbstractTransferListenerAdapter - Downloaded https://repo.maven.apache.org/maven2/org/apache/mina/mina-core/${mina_version}/mina-core-${mina_version}.jar
2015-10-11 19:24:34,563 [Worker-49] INFO  o.e.m.c.i.e.AbstractTransferListenerAdapter - Downloaded https://repo.maven.apache.org/maven2/org/glassfish/grizzly/grizzly-core/${grizzly_version}/grizzly-core-${grizzly_version}.jar
2015-10-11 19:24:34,563 [Worker-49] INFO  o.e.m.c.i.e.AbstractTransferListenerAdapter - Downloaded https://repo.maven.apache.org/maven2/org/apache/httpcomponents/httpclient/${httpclient_version}/httpclient-${httpclient_version}.jar
2015-10-11 19:24:34,606 [Worker-49] WARN  o.e.m.c.i.embedder.EclipseLogger - Using platform encoding (UTF-8 actually) to copy filtered resources, i.e. build is platform dependent!
2015-10-11 19:24:34,606 [Worker-49] INFO  o.e.m.c.i.embedder.EclipseLogger - Copying 0 resource
2015-10-11 19:24:34,606 [Worker-49] WARN  o.e.m.c.i.embedder.EclipseLogger - Using platform encoding (UTF-8 actually) to copy filtered resources, i.e. build is platform dependent!
2015-10-11 19:24:34,607 [Worker-49] INFO  o.e.m.c.i.embedder.EclipseLogger - Copying 0 resource
2015-10-11 19:24:34,643 [Worker-49] WARN  o.e.m.c.i.embedder.EclipseLogger - Using platform encoding (UTF-8 actually) to copy filtered resources, i.e. build is platform dependent!
2015-10-11 19:24:34,643 [Worker-49] INFO  o.e.m.c.i.embedder.EclipseLogger - Copying 0 resource
2015-10-11 19:24:34,644 [Worker-49] WARN  o.e.m.c.i.embedder.EclipseLogger - Using platform encoding (UTF-8 actually) to copy filtered resources, i.e. build is platform dependent!
2015-10-11 19:24:34,644 [Worker-49] INFO  o.e.m.c.i.embedder.EclipseLogger - Copying 0 resource
2015-10-11 19:26:15,581 [Worker-52] INFO  o.e.m.c.i.l.LifecycleMappingFactory - Using org.eclipse.m2e.jdt.JarLifecycleMapping lifecycle mapping for MavenProject: com.zgsoft.tutorials:zgsoft-tutorials-rest-dubbo:0.0.1-SNAPSHOT @ /home/zsp/myspace/java/zgsoft-tutorials/zgsoft-tutorials-rest-dubbo/pom.xml.
2015-10-11 19:26:16,758 [Worker-46] INFO  o.e.m.c.i.e.AbstractTransferListenerAdapter - Downloading https://repo.maven.apache.org/maven2/org/slf4j/slf4j-api/1.4.3/slf4j-api-1.4.3.pom
2015-10-11 19:26:16,979 [Worker-46] INFO  o.e.m.c.i.e.AbstractTransferListenerAdapter - Downloaded https://repo.maven.apache.org/maven2/org/slf4j/slf4j-api/1.4.3/slf4j-api-1.4.3.pom
2015-10-11 19:26:17,201 [Worker-46] INFO  o.e.m.c.i.e.AbstractTransferListenerAdapter - Downloading https://repo.maven.apache.org/maven2/org/slf4j/slf4j-parent/1.4.3/slf4j-parent-1.4.3.pom
2015-10-11 19:26:17,425 [Worker-46] INFO  o.e.m.c.i.e.AbstractTransferListenerAdapter - Downloaded https://repo.maven.apache.org/maven2/org/slf4j/slf4j-parent/1.4.3/slf4j-parent-1.4.3.pom
2015-10-11 19:26:17,888 [Worker-52] INFO  o.e.m.c.i.e.AbstractTransferListenerAdapter - Downloading https://repo.maven.apache.org/maven2/org/slf4j/slf4j-api/1.4.3/slf4j-api-1.4.3.jar
2015-10-11 19:26:18,109 [Worker-52] INFO  o.e.m.c.i.e.AbstractTransferListenerAdapter - Downloaded https://repo.maven.apache.org/maven2/org/slf4j/slf4j-api/1.4.3/slf4j-api-1.4.3.jar
2015-10-11 19:26:18,247 [Worker-52] INFO  o.e.m.c.i.l.LifecycleMappingFactory - Using org.eclipse.m2e.jdt.JarLifecycleMapping lifecycle mapping for MavenProject: com.zgsoft.tutorials:zgsoft-tutorials-rest-provider:0.0.1-SNAPSHOT @ /home/zsp/myspace/java/zgsoft-tutorials/zgsoft-tutorials-rest-provider/pom.xml.
2015-10-11 19:26:18,275 [Worker-52] WARN  o.e.m.c.i.embedder.EclipseLogger - Using platform encoding (UTF-8 actually) to copy filtered resources, i.e. build is platform dependent!
2015-10-11 19:26:18,276 [Worker-52] INFO  o.e.m.c.i.embedder.EclipseLogger - Copying 0 resource
2015-10-11 19:26:18,276 [Worker-52] WARN  o.e.m.c.i.embedder.EclipseLogger - Using platform encoding (UTF-8 actually) to copy filtered resources, i.e. build is platform dependent!
2015-10-11 19:26:18,276 [Worker-52] INFO  o.e.m.c.i.embedder.EclipseLogger - Copying 0 resource
2015-10-11 19:26:18,323 [Worker-52] WARN  o.e.m.c.i.embedder.EclipseLogger - Using platform encoding (UTF-8 actually) to copy filtered resources, i.e. build is platform dependent!
2015-10-11 19:26:18,323 [Worker-52] INFO  o.e.m.c.i.embedder.EclipseLogger - Copying 0 resource
2015-10-11 19:26:18,323 [Worker-52] WARN  o.e.m.c.i.embedder.EclipseLogger - Using platform encoding (UTF-8 actually) to copy filtered resources, i.e. build is platform dependent!
2015-10-11 19:26:18,323 [Worker-52] INFO  o.e.m.c.i.embedder.EclipseLogger - Copying 0 resource
2015-10-11 19:26:19,460 [Worker-46] WARN  o.e.m.c.i.embedder.EclipseLogger - Using platform encoding (UTF-8 actually) to copy filtered resources, i.e. build is platform dependent!
2015-10-11 19:26:19,460 [Worker-46] INFO  o.e.m.c.i.embedder.EclipseLogger - Copying 0 resource
2015-10-11 19:26:19,461 [Worker-46] WARN  o.e.m.c.i.embedder.EclipseLogger - Using platform encoding (UTF-8 actually) to copy filtered resources, i.e. build is platform dependent!
2015-10-11 19:26:19,461 [Worker-46] INFO  o.e.m.c.i.embedder.EclipseLogger - Copying 0 resource
2015-10-11 19:26:19,475 [Worker-46] WARN  o.e.m.c.i.embedder.EclipseLogger - Using platform encoding (UTF-8 actually) to copy filtered resources, i.e. build is platform dependent!
2015-10-11 19:26:19,476 [Worker-46] INFO  o.e.m.c.i.embedder.EclipseLogger - Copying 1 resource
2015-10-11 19:26:19,476 [Worker-46] WARN  o.e.m.c.i.embedder.EclipseLogger - Using platform encoding (UTF-8 actually) to copy filtered resources, i.e. build is platform dependent!
2015-10-11 19:26:19,477 [Worker-46] INFO  o.e.m.c.i.embedder.EclipseLogger - Copying 0 resource
2015-10-11 19:26:22,257 [Worker-49] INFO  o.e.m.i.launch.MavenLaunchDelegate - /home/zsp/myspace/java/zgsoft-tutorials/zgsoft-tutorials-rest-dubbo
2015-10-11 19:26:22,257 [Worker-49] INFO  o.e.m.i.launch.MavenLaunchDelegate -  mvn  -B install
2015-10-11 19:26:23,959 [Worker-54] WARN  o.e.m.c.i.embedder.EclipseLogger - Using platform encoding (UTF-8 actually) to copy filtered resources, i.e. build is platform dependent!
2015-10-11 19:26:23,959 [Worker-54] INFO  o.e.m.c.i.embedder.EclipseLogger - Copying 0 resource
2015-10-11 19:26:23,960 [Worker-54] WARN  o.e.m.c.i.embedder.EclipseLogger - Using platform encoding (UTF-8 actually) to copy filtered resources, i.e. build is platform dependent!
2015-10-11 19:26:23,960 [Worker-54] INFO  o.e.m.c.i.embedder.EclipseLogger - Copying 0 resource
2015-10-11 19:26:31,559 [Worker-46] INFO  o.e.m.i.launch.MavenLaunchDelegate - /home/zsp/myspace/java/zgsoft-tutorials/zgsoft-tutorials-rest-provider
2015-10-11 19:26:31,560 [Worker-46] INFO  o.e.m.i.launch.MavenLaunchDelegate -  mvn  -B install
2015-10-11 19:26:33,317 [Worker-52] WARN  o.e.m.c.i.embedder.EclipseLogger - Using platform encoding (UTF-8 actually) to copy filtered resources, i.e. build is platform dependent!
2015-10-11 19:26:33,317 [Worker-52] INFO  o.e.m.c.i.embedder.EclipseLogger - Copying 0 resource
2015-10-11 19:26:33,321 [Worker-52] WARN  o.e.m.c.i.embedder.EclipseLogger - Using platform encoding (UTF-8 actually) to copy filtered resources, i.e. build is platform dependent!
2015-10-11 19:26:33,321 [Worker-52] INFO  o.e.m.c.i.embedder.EclipseLogger - Copying 0 resource
2015-10-11 19:28:09,660 [Worker-46] INFO  o.e.m.c.i.l.LifecycleMappingFactory - Using org.eclipse.m2e.jdt.JarLifecycleMapping lifecycle mapping for MavenProject: com.zgsoft.tutorials:zgsoft-tutorials-rest-dubbo:0.0.1-SNAPSHOT @ /home/zsp/myspace/java/zgsoft-tutorials/zgsoft-tutorials-rest-dubbo/pom.xml.
2015-10-11 19:28:09,707 [Worker-46] INFO  o.e.m.c.i.l.LifecycleMappingFactory - Using org.eclipse.m2e.jdt.JarLifecycleMapping lifecycle mapping for MavenProject: com.zgsoft.tutorials:zgsoft-tutorials-rest-provider:0.0.1-SNAPSHOT @ /home/zsp/myspace/java/zgsoft-tutorials/zgsoft-tutorials-rest-provider/pom.xml.
2015-10-11 19:28:09,748 [Worker-46] WARN  o.e.m.c.i.embedder.EclipseLogger - Using platform encoding (UTF-8 actually) to copy filtered resources, i.e. build is platform dependent!
2015-10-11 19:28:09,748 [Worker-46] INFO  o.e.m.c.i.embedder.EclipseLogger - Copying 0 resource
2015-10-11 19:28:09,748 [Worker-46] WARN  o.e.m.c.i.embedder.EclipseLogger - Using platform encoding (UTF-8 actually) to copy filtered resources, i.e. build is platform dependent!
2015-10-11 19:28:09,749 [Worker-46] INFO  o.e.m.c.i.embedder.EclipseLogger - Copying 0 resource
2015-10-11 19:28:09,809 [Worker-46] WARN  o.e.m.c.i.embedder.EclipseLogger - Using platform encoding (UTF-8 actually) to copy filtered resources, i.e. build is platform dependent!
2015-10-11 19:28:09,810 [Worker-46] INFO  o.e.m.c.i.embedder.EclipseLogger - Copying 1 resource
2015-10-11 19:28:09,811 [Worker-46] WARN  o.e.m.c.i.embedder.EclipseLogger - Using platform encoding (UTF-8 actually) to copy filtered resources, i.e. build is platform dependent!
2015-10-11 19:28:09,811 [Worker-46] INFO  o.e.m.c.i.embedder.EclipseLogger - Copying 0 resource
2015-10-11 19:28:10,980 [Worker-53] WARN  o.e.m.c.i.embedder.EclipseLogger - Using platform encoding (UTF-8 actually) to copy filtered resources, i.e. build is platform dependent!
2015-10-11 19:28:10,981 [Worker-53] INFO  o.e.m.c.i.embedder.EclipseLogger - Copying 0 resource
2015-10-11 19:28:10,981 [Worker-53] WARN  o.e.m.c.i.embedder.EclipseLogger - Using platform encoding (UTF-8 actually) to copy filtered resources, i.e. build is platform dependent!
2015-10-11 19:28:10,981 [Worker-53] INFO  o.e.m.c.i.embedder.EclipseLogger - Copying 0 resource
2015-10-11 19:33:08,183 [Worker-58] INFO  o.e.m.c.i.l.LifecycleMappingFactory - Using org.eclipse.m2e.jdt.JarLifecycleMapping lifecycle mapping for MavenProject: com.zgsoft.tutorials:zgsoft-tutorials-rest-dubbo:0.0.1-SNAPSHOT @ /home/zsp/myspace/java/zgsoft-tutorials/zgsoft-tutorials-rest-dubbo/pom.xml.
2015-10-11 19:33:09,712 [Worker-58] INFO  o.e.m.c.i.e.AbstractTransferListenerAdapter - Downloading https://repo.maven.apache.org/maven2/org/slf4j/slf4j-api/1.6.1/slf4j-api-1.6.1.pom
2015-10-11 19:33:09,882 [Worker-58] INFO  o.e.m.c.i.e.AbstractTransferListenerAdapter - Downloaded https://repo.maven.apache.org/maven2/org/slf4j/slf4j-api/1.6.1/slf4j-api-1.6.1.pom
2015-10-11 19:33:10,053 [Worker-58] INFO  o.e.m.c.i.e.AbstractTransferListenerAdapter - Downloading https://repo.maven.apache.org/maven2/org/slf4j/slf4j-log4j12/1.6.1/slf4j-log4j12-1.6.1.pom
2015-10-11 19:33:10,222 [Worker-58] INFO  o.e.m.c.i.e.AbstractTransferListenerAdapter - Downloaded https://repo.maven.apache.org/maven2/org/slf4j/slf4j-log4j12/1.6.1/slf4j-log4j12-1.6.1.pom
2015-10-11 19:33:10,398 [Worker-58] INFO  o.e.m.c.i.e.AbstractTransferListenerAdapter - Downloading https://repo.maven.apache.org/maven2/org/apache/zookeeper/zookeeper/3.3.3/zookeeper-3.3.3.pom
2015-10-11 19:33:10,566 [Worker-58] INFO  o.e.m.c.i.e.AbstractTransferListenerAdapter - Downloaded https://repo.maven.apache.org/maven2/org/apache/zookeeper/zookeeper/3.3.3/zookeeper-3.3.3.pom
2015-10-11 19:33:10,904 [Worker-58] INFO  o.e.m.c.i.e.AbstractTransferListenerAdapter - Downloading https://repo.maven.apache.org/maven2/log4j/log4j/1.2.15/log4j-1.2.15.pom
2015-10-11 19:33:11,073 [Worker-58] INFO  o.e.m.c.i.e.AbstractTransferListenerAdapter - Downloaded https://repo.maven.apache.org/maven2/log4j/log4j/1.2.15/log4j-1.2.15.pom
2015-10-11 19:33:11,243 [Worker-58] INFO  o.e.m.c.i.e.AbstractTransferListenerAdapter - Downloading https://repo.maven.apache.org/maven2/javax/mail/mail/1.4/mail-1.4.pom
2015-10-11 19:33:11,412 [Worker-58] INFO  o.e.m.c.i.e.AbstractTransferListenerAdapter - Downloaded https://repo.maven.apache.org/maven2/javax/mail/mail/1.4/mail-1.4.pom
2015-10-11 19:33:11,582 [Worker-58] INFO  o.e.m.c.i.e.AbstractTransferListenerAdapter - Downloading https://repo.maven.apache.org/maven2/javax/jms/jms/1.1/jms-1.1.pom
2015-10-11 19:33:11,750 [Worker-58] INFO  o.e.m.c.i.e.AbstractTransferListenerAdapter - Downloaded https://repo.maven.apache.org/maven2/javax/jms/jms/1.1/jms-1.1.pom
2015-10-11 19:33:11,920 [Worker-58] INFO  o.e.m.c.i.e.AbstractTransferListenerAdapter - Downloading https://repo.maven.apache.org/maven2/com/sun/jdmk/jmxtools/1.2.1/jmxtools-1.2.1.pom
2015-10-11 19:33:12,088 [Worker-58] INFO  o.e.m.c.i.e.AbstractTransferListenerAdapter - Downloaded https://repo.maven.apache.org/maven2/com/sun/jdmk/jmxtools/1.2.1/jmxtools-1.2.1.pom
2015-10-11 19:33:12,258 [Worker-58] INFO  o.e.m.c.i.e.AbstractTransferListenerAdapter - Downloading https://repo.maven.apache.org/maven2/com/sun/jmx/jmxri/1.2.1/jmxri-1.2.1.pom
2015-10-11 19:33:12,428 [Worker-58] INFO  o.e.m.c.i.e.AbstractTransferListenerAdapter - Downloaded https://repo.maven.apache.org/maven2/com/sun/jmx/jmxri/1.2.1/jmxri-1.2.1.pom
2015-10-11 19:33:12,598 [Worker-58] INFO  o.e.m.c.i.e.AbstractTransferListenerAdapter - Downloading https://repo.maven.apache.org/maven2/log4j/log4j/1.2.14/log4j-1.2.14.pom
2015-10-11 19:33:12,767 [Worker-58] INFO  o.e.m.c.i.e.AbstractTransferListenerAdapter - Downloaded https://repo.maven.apache.org/maven2/log4j/log4j/1.2.14/log4j-1.2.14.pom
2015-10-11 19:33:12,941 [Worker-58] INFO  o.e.m.c.i.e.AbstractTransferListenerAdapter - Downloading https://repo.maven.apache.org/maven2/org/slf4j/slf4j-api/1.7.6/slf4j-api-1.7.6.pom
2015-10-11 19:33:13,110 [Worker-58] INFO  o.e.m.c.i.e.AbstractTransferListenerAdapter - Downloaded https://repo.maven.apache.org/maven2/org/slf4j/slf4j-api/1.7.6/slf4j-api-1.7.6.pom
2015-10-11 19:33:13,279 [Worker-58] INFO  o.e.m.c.i.e.AbstractTransferListenerAdapter - Downloading https://repo.maven.apache.org/maven2/org/slf4j/slf4j-parent/1.7.6/slf4j-parent-1.7.6.pom
2015-10-11 19:33:13,449 [Worker-58] INFO  o.e.m.c.i.e.AbstractTransferListenerAdapter - Downloaded https://repo.maven.apache.org/maven2/org/slf4j/slf4j-parent/1.7.6/slf4j-parent-1.7.6.pom
2015-10-11 19:33:13,623 [Worker-58] INFO  o.e.m.c.i.e.AbstractTransferListenerAdapter - Downloading https://repo.maven.apache.org/maven2/org/slf4j/slf4j-log4j12/1.6.1/slf4j-log4j12-1.6.1.jar
2015-10-11 19:33:13,792 [Worker-58] INFO  o.e.m.c.i.e.AbstractTransferListenerAdapter - Downloaded https://repo.maven.apache.org/maven2/org/slf4j/slf4j-log4j12/1.6.1/slf4j-log4j12-1.6.1.jar
2015-10-11 19:33:13,864 [Worker-58] INFO  o.e.m.c.i.l.LifecycleMappingFactory - Using org.eclipse.m2e.jdt.JarLifecycleMapping lifecycle mapping for MavenProject: com.zgsoft.tutorials:zgsoft-tutorials-rest-provider:0.0.1-SNAPSHOT @ /home/zsp/myspace/java/zgsoft-tutorials/zgsoft-tutorials-rest-provider/pom.xml.
2015-10-11 19:33:13,866 [Worker-58] WARN  o.e.m.c.i.embedder.EclipseLogger - The POM for com.zgsoft.tutorials:zgsoft-tutorials-rest-dubbo:jar:0.0.1-SNAPSHOT is invalid, transitive dependencies (if any) will not be available, enable debug logging for more details
2015-10-11 19:33:13,914 [Worker-58] WARN  o.e.m.c.i.embedder.EclipseLogger - The POM for com.zgsoft.tutorials:zgsoft-tutorials-rest-dubbo:jar:0.0.1-SNAPSHOT is invalid, transitive dependencies (if any) will not be available, enable debug logging for more details
2015-10-11 19:33:13,917 [Worker-58] WARN  o.e.m.c.i.embedder.EclipseLogger - Using platform encoding (UTF-8 actually) to copy filtered resources, i.e. build is platform dependent!
2015-10-11 19:33:13,917 [Worker-58] INFO  o.e.m.c.i.embedder.EclipseLogger - Copying 1 resource
2015-10-11 19:33:13,918 [Worker-58] WARN  o.e.m.c.i.embedder.EclipseLogger - Using platform encoding (UTF-8 actually) to copy filtered resources, i.e. build is platform dependent!
2015-10-11 19:33:13,918 [Worker-58] INFO  o.e.m.c.i.embedder.EclipseLogger - Copying 0 resource
2015-10-11 19:35:34,146 [Worker-59] INFO  o.e.m.c.i.l.LifecycleMappingFactory - Using org.eclipse.m2e.jdt.JarLifecycleMapping lifecycle mapping for MavenProject: com.zgsoft.tutorials:zgsoft-tutorials-rest-dubbo:0.0.1-SNAPSHOT @ /home/zsp/myspace/java/zgsoft-tutorials/zgsoft-tutorials-rest-dubbo/pom.xml.
2015-10-11 19:35:35,436 [Worker-59] INFO  o.e.m.c.i.e.AbstractTransferListenerAdapter - Downloading https://repo.maven.apache.org/maven2/org/slf4j/slf4j-api/1.5.8/slf4j-api-1.5.8.pom
2015-10-11 19:35:35,657 [Worker-59] INFO  o.e.m.c.i.e.AbstractTransferListenerAdapter - Downloaded https://repo.maven.apache.org/maven2/org/slf4j/slf4j-api/1.5.8/slf4j-api-1.5.8.pom
2015-10-11 19:35:35,878 [Worker-59] INFO  o.e.m.c.i.e.AbstractTransferListenerAdapter - Downloading https://repo.maven.apache.org/maven2/org/slf4j/slf4j-parent/1.5.8/slf4j-parent-1.5.8.pom
2015-10-11 19:35:36,931 [Worker-59] INFO  o.e.m.c.i.e.AbstractTransferListenerAdapter - Downloaded https://repo.maven.apache.org/maven2/org/slf4j/slf4j-parent/1.5.8/slf4j-parent-1.5.8.pom
2015-10-11 19:35:37,103 [Worker-59] INFO  o.e.m.c.i.e.AbstractTransferListenerAdapter - Downloading https://repo.maven.apache.org/maven2/org/apache/httpcomponents/httpclient/4.1.2/httpclient-4.1.2.pom
2015-10-11 19:35:37,451 [Worker-59] INFO  o.e.m.c.i.e.AbstractTransferListenerAdapter - Downloaded https://repo.maven.apache.org/maven2/org/apache/httpcomponents/httpclient/4.1.2/httpclient-4.1.2.pom
2015-10-11 19:35:37,635 [Worker-59] INFO  o.e.m.c.i.e.AbstractTransferListenerAdapter - Downloading https://repo.maven.apache.org/maven2/org/apache/httpcomponents/httpcomponents-client/4.1.2/httpcomponents-client-4.1.2.pom
2015-10-11 19:35:38,029 [Worker-59] INFO  o.e.m.c.i.e.AbstractTransferListenerAdapter - Downloaded https://repo.maven.apache.org/maven2/org/apache/httpcomponents/httpcomponents-client/4.1.2/httpcomponents-client-4.1.2.pom
2015-10-11 19:35:38,249 [Worker-59] INFO  o.e.m.c.i.e.AbstractTransferListenerAdapter - Downloading https://repo.maven.apache.org/maven2/org/apache/httpcomponents/httpcore/4.1.2/httpcore-4.1.2.pom
2015-10-11 19:35:38,487 [Worker-59] INFO  o.e.m.c.i.e.AbstractTransferListenerAdapter - Downloaded https://repo.maven.apache.org/maven2/org/apache/httpcomponents/httpcore/4.1.2/httpcore-4.1.2.pom
2015-10-11 19:35:38,737 [Worker-59] INFO  o.e.m.c.i.e.AbstractTransferListenerAdapter - Downloading https://repo.maven.apache.org/maven2/org/apache/httpcomponents/httpcomponents-core/4.1.2/httpcomponents-core-4.1.2.pom
2015-10-11 19:35:39,207 [Worker-59] INFO  o.e.m.c.i.e.AbstractTransferListenerAdapter - Downloaded https://repo.maven.apache.org/maven2/org/apache/httpcomponents/httpcomponents-core/4.1.2/httpcomponents-core-4.1.2.pom
2015-10-11 19:35:39,438 [Worker-59] INFO  o.e.m.c.i.e.AbstractTransferListenerAdapter - Downloading https://repo.maven.apache.org/maven2/commons-codec/commons-codec/1.4/commons-codec-1.4.pom
2015-10-11 19:35:40,708 [Worker-59] INFO  o.e.m.c.i.e.AbstractTransferListenerAdapter - Downloaded https://repo.maven.apache.org/maven2/commons-codec/commons-codec/1.4/commons-codec-1.4.pom
2015-10-11 19:35:40,725 [Worker-59] INFO  o.e.m.c.i.l.LifecycleMappingFactory - Using org.eclipse.m2e.jdt.JarLifecycleMapping lifecycle mapping for MavenProject: com.zgsoft.tutorials:zgsoft-tutorials-rest-provider:0.0.1-SNAPSHOT @ /home/zsp/myspace/java/zgsoft-tutorials/zgsoft-tutorials-rest-provider/pom.xml.
2015-10-11 19:35:40,727 [Worker-59] WARN  o.e.m.c.i.embedder.EclipseLogger - The POM for com.zgsoft.tutorials:zgsoft-tutorials-rest-dubbo:jar:0.0.1-SNAPSHOT is invalid, transitive dependencies (if any) will not be available, enable debug logging for more details
2015-10-11 19:35:40,892 [Worker-59] WARN  o.e.m.c.i.embedder.EclipseLogger - The POM for com.zgsoft.tutorials:zgsoft-tutorials-rest-dubbo:jar:0.0.1-SNAPSHOT is invalid, transitive dependencies (if any) will not be available, enable debug logging for more details
2015-10-11 19:35:40,962 [Worker-59] WARN  o.e.m.c.i.embedder.EclipseLogger - Using platform encoding (UTF-8 actually) to copy filtered resources, i.e. build is platform dependent!
2015-10-11 19:35:40,964 [Worker-59] INFO  o.e.m.c.i.embedder.EclipseLogger - Copying 0 resource
2015-10-11 19:35:40,965 [Worker-59] WARN  o.e.m.c.i.embedder.EclipseLogger - Using platform encoding (UTF-8 actually) to copy filtered resources, i.e. build is platform dependent!
2015-10-11 19:35:40,966 [Worker-59] INFO  o.e.m.c.i.embedder.EclipseLogger - Copying 0 resource
2015-10-11 19:36:43,799 [Worker-58] INFO  o.e.m.c.i.l.LifecycleMappingFactory - Using org.eclipse.m2e.jdt.JarLifecycleMapping lifecycle mapping for MavenProject: com.zgsoft.tutorials:zgsoft-tutorials-rest-dubbo:0.0.1-SNAPSHOT @ /home/zsp/myspace/java/zgsoft-tutorials/zgsoft-tutorials-rest-dubbo/pom.xml.
2015-10-11 19:36:43,887 [Worker-58] INFO  o.e.m.c.i.l.LifecycleMappingFactory - Using org.eclipse.m2e.jdt.JarLifecycleMapping lifecycle mapping for MavenProject: com.zgsoft.tutorials:zgsoft-tutorials-rest-provider:0.0.1-SNAPSHOT @ /home/zsp/myspace/java/zgsoft-tutorials/zgsoft-tutorials-rest-provider/pom.xml.
2015-10-11 19:36:43,888 [Worker-58] WARN  o.e.m.c.i.embedder.EclipseLogger - The POM for com.zgsoft.tutorials:zgsoft-tutorials-rest-dubbo:jar:0.0.1-SNAPSHOT is invalid, transitive dependencies (if any) will not be available, enable debug logging for more details
2015-10-11 19:36:44,018 [Worker-58] WARN  o.e.m.c.i.embedder.EclipseLogger - The POM for com.zgsoft.tutorials:zgsoft-tutorials-rest-dubbo:jar:0.0.1-SNAPSHOT is invalid, transitive dependencies (if any) will not be available, enable debug logging for more details
2015-10-11 19:36:44,075 [Worker-58] WARN  o.e.m.c.i.embedder.EclipseLogger - Using platform encoding (UTF-8 actually) to copy filtered resources, i.e. build is platform dependent!
2015-10-11 19:36:44,076 [Worker-58] INFO  o.e.m.c.i.embedder.EclipseLogger - Copying 0 resource
2015-10-11 19:36:44,077 [Worker-58] WARN  o.e.m.c.i.embedder.EclipseLogger - Using platform encoding (UTF-8 actually) to copy filtered resources, i.e. build is platform dependent!
2015-10-11 19:36:44,077 [Worker-58] INFO  o.e.m.c.i.embedder.EclipseLogger - Copying 0 resource
2015-10-11 19:39:15,695 [Worker-60] INFO  o.e.m.c.i.l.LifecycleMappingFactory - Using org.eclipse.m2e.jdt.JarLifecycleMapping lifecycle mapping for MavenProject: com.zgsoft.tutorials:zgsoft-tutorials-rest-dubbo:0.0.1-SNAPSHOT @ /home/zsp/myspace/java/zgsoft-tutorials/zgsoft-tutorials-rest-dubbo/pom.xml.
2015-10-11 19:39:15,854 [Worker-60] WARN  o.e.m.c.i.embedder.EclipseLogger - Using platform encoding (UTF-8 actually) to copy filtered resources, i.e. build is platform dependent!
2015-10-11 19:39:15,856 [Worker-60] INFO  o.e.m.c.i.embedder.EclipseLogger - Copying 0 resource
2015-10-11 19:39:15,857 [Worker-60] WARN  o.e.m.c.i.embedder.EclipseLogger - Using platform encoding (UTF-8 actually) to copy filtered resources, i.e. build is platform dependent!
2015-10-11 19:39:15,857 [Worker-60] INFO  o.e.m.c.i.embedder.EclipseLogger - Copying 0 resource
2015-10-11 19:39:23,941 [Worker-62] INFO  o.e.m.i.launch.MavenLaunchDelegate - /home/zsp/myspace/java/zgsoft-tutorials/zgsoft-tutorials-rest-dubbo
2015-10-11 19:39:23,941 [Worker-62] INFO  o.e.m.i.launch.MavenLaunchDelegate -  mvn  -B install
2015-10-11 19:39:25,879 [Worker-62] WARN  o.e.m.c.i.embedder.EclipseLogger - Using platform encoding (UTF-8 actually) to copy filtered resources, i.e. build is platform dependent!
2015-10-11 19:39:25,880 [Worker-62] INFO  o.e.m.c.i.embedder.EclipseLogger - Copying 0 resource
2015-10-11 19:39:25,880 [Worker-62] WARN  o.e.m.c.i.embedder.EclipseLogger - Using platform encoding (UTF-8 actually) to copy filtered resources, i.e. build is platform dependent!
2015-10-11 19:39:25,880 [Worker-62] INFO  o.e.m.c.i.embedder.EclipseLogger - Copying 0 resource
2015-10-11 19:39:32,070 [Worker-61] INFO  o.e.m.i.launch.MavenLaunchDelegate - /home/zsp/myspace/java/zgsoft-tutorials/zgsoft-tutorials-rest-provider
2015-10-11 19:39:32,070 [Worker-61] INFO  o.e.m.i.launch.MavenLaunchDelegate -  mvn  -B install
2015-10-11 19:39:33,969 [Worker-46] WARN  o.e.m.c.i.embedder.EclipseLogger - Using platform encoding (UTF-8 actually) to copy filtered resources, i.e. build is platform dependent!
2015-10-11 19:39:33,969 [Worker-46] INFO  o.e.m.c.i.embedder.EclipseLogger - Copying 0 resource
2015-10-11 19:39:33,969 [Worker-46] WARN  o.e.m.c.i.embedder.EclipseLogger - Using platform encoding (UTF-8 actually) to copy filtered resources, i.e. build is platform dependent!
2015-10-11 19:39:33,969 [Worker-46] INFO  o.e.m.c.i.embedder.EclipseLogger - Copying 0 resource
2015-10-11 19:40:34,796 [Worker-63] INFO  o.e.m.c.i.l.LifecycleMappingFactory - Using org.eclipse.m2e.jdt.JarLifecycleMapping lifecycle mapping for MavenProject: com.zgsoft.tutorials:zgsoft-tutorials-rest-provider:0.0.1-SNAPSHOT @ /home/zsp/myspace/java/zgsoft-tutorials/zgsoft-tutorials-rest-provider/pom.xml.
2015-10-11 19:40:34,886 [Worker-63] WARN  o.e.m.c.i.embedder.EclipseLogger - Using platform encoding (UTF-8 actually) to copy filtered resources, i.e. build is platform dependent!
2015-10-11 19:40:34,886 [Worker-63] INFO  o.e.m.c.i.embedder.EclipseLogger - Copying 0 resource
2015-10-11 19:40:34,887 [Worker-63] WARN  o.e.m.c.i.embedder.EclipseLogger - Using platform encoding (UTF-8 actually) to copy filtered resources, i.e. build is platform dependent!
2015-10-11 19:40:34,887 [Worker-63] INFO  o.e.m.c.i.embedder.EclipseLogger - Copying 0 resource
2015-10-11 19:40:36,136 [Worker-46] WARN  o.e.m.c.i.embedder.EclipseLogger - Using platform encoding (UTF-8 actually) to copy filtered resources, i.e. build is platform dependent!
2015-10-11 19:40:36,137 [Worker-46] INFO  o.e.m.c.i.embedder.EclipseLogger - Copying 1 resource
2015-10-11 19:40:36,144 [Worker-46] WARN  o.e.m.c.i.embedder.EclipseLogger - Using platform encoding (UTF-8 actually) to copy filtered resources, i.e. build is platform dependent!
2015-10-11 19:40:36,144 [Worker-46] INFO  o.e.m.c.i.embedder.EclipseLogger - Copying 0 resource
2015-10-11 19:40:43,836 [Worker-61] INFO  o.e.m.i.launch.MavenLaunchDelegate - /home/zsp/myspace/java/zgsoft-tutorials/zgsoft-tutorials-rest-provider
2015-10-11 19:40:43,836 [Worker-61] INFO  o.e.m.i.launch.MavenLaunchDelegate -  mvn  -B install
2015-10-11 19:40:45,576 [Worker-57] WARN  o.e.m.c.i.embedder.EclipseLogger - Using platform encoding (UTF-8 actually) to copy filtered resources, i.e. build is platform dependent!
2015-10-11 19:40:45,577 [Worker-57] INFO  o.e.m.c.i.embedder.EclipseLogger - Copying 0 resource
2015-10-11 19:40:45,577 [Worker-57] WARN  o.e.m.c.i.embedder.EclipseLogger - Using platform encoding (UTF-8 actually) to copy filtered resources, i.e. build is platform dependent!
2015-10-11 19:40:45,578 [Worker-57] INFO  o.e.m.c.i.embedder.EclipseLogger - Copying 0 resource
